# JRE version: OpenJDK Runtime Environment (21.0.7) (build 21.0.7+-13880790-b1038.58)
# Java VM: OpenJDK 64-Bit Server VM (21.0.7+-13880790-b1038.58, mixed mode, tiered, compressed oops, compressed class ptrs, g1 gc, windows-amd64)
GC Precious Log:
 CardTable entry size: 512
 Card Set container configuration: InlinePtr #cards 4 size 8 Array Of Cards #cards 32 size 80 Howl #buckets 8 coarsen threshold 7372 Howl Bitmap #cards 1024 size 144 coarsen threshold 921 Card regions per heap region 1 cards per card region 8192
 CPUs: 12 total, 12 available
 Memory: 16016M
 Large Page Support: Disabled
 NUMA Support: Disabled
 Compressed Oops: Enabled (Zero based)
 Heap Region Size: 4M
 Heap Min Capacity: 8M
 Heap Initial Capacity: 252M
 Heap Max Capacity: 8G
 Pre-touch: Disabled
 Parallel Workers: 10
 Concurrent Workers: 3
 Concurrent Refinement Workers: 10
 Periodic GC: Disabled
Heap:
 garbage-first heap   total 782336K, used 302655K [0x0000000600000000, 0x0000000800000000)
  region size 4096K, 7 young (28672K), 7 survivors (28672K)
 Metaspace       used 210321K, committed 213056K, reserved 1245184K
  class space    used 27084K, committed 28416K, reserved 1048576K
GC Heap History (20 events):
Event: 114.692 GC heap after
{Heap after GC invocations=70 (full 0):
 garbage-first heap   total 466944K, used 279536K [0x0000000600000000, 0x0000000800000000)
  region size 4096K, 4 young (16384K), 4 survivors (16384K)
 Metaspace       used 209896K, committed 212608K, reserved 1245184K
  class space    used 27081K, committed 28416K, reserved 1048576K
}
Event: 114.802 GC heap before
{Heap before GC invocations=70 (full 0):
 garbage-first heap   total 466944K, used 418800K [0x0000000600000000, 0x0000000800000000)
  region size 4096K, 38 young (155648K), 4 survivors (16384K)
 Metaspace       used 209923K, committed 212608K, reserved 1245184K
  class space    used 27081K, committed 28416K, reserved 1048576K
}
Event: 114.807 GC heap after
{Heap after GC invocations=71 (full 0):
 garbage-first heap   total 466944K, used 283414K [0x0000000600000000, 0x0000000800000000)
  region size 4096K, 3 young (12288K), 3 survivors (12288K)
 Metaspace       used 209923K, committed 212608K, reserved 1245184K
  class space    used 27081K, committed 28416K, reserved 1048576K
}
Event: 114.908 GC heap before
{Heap before GC invocations=72 (full 0):
 garbage-first heap   total 479232K, used 422678K [0x0000000600000000, 0x0000000800000000)
  region size 4096K, 37 young (151552K), 3 survivors (12288K)
 Metaspace       used 209965K, committed 212736K, reserved 1245184K
  class space    used 27081K, committed 28416K, reserved 1048576K
}
Event: 114.913 GC heap after
{Heap after GC invocations=73 (full 0):
 garbage-first heap   total 479232K, used 286794K [0x0000000600000000, 0x0000000800000000)
  region size 4096K, 4 young (16384K), 4 survivors (16384K)
 Metaspace       used 209965K, committed 212736K, reserved 1245184K
  class space    used 27081K, committed 28416K, reserved 1048576K
}
Event: 115.100 GC heap before
{Heap before GC invocations=73 (full 0):
 garbage-first heap   total 479232K, used 426058K [0x0000000600000000, 0x0000000800000000)
  region size 4096K, 39 young (159744K), 4 survivors (16384K)
 Metaspace       used 209975K, committed 212736K, reserved 1245184K
  class space    used 27081K, committed 28416K, reserved 1048576K
}
Event: 115.112 GC heap after
{Heap after GC invocations=74 (full 0):
 garbage-first heap   total 479232K, used 282007K [0x0000000600000000, 0x0000000800000000)
  region size 4096K, 5 young (20480K), 5 survivors (20480K)
 Metaspace       used 209975K, committed 212736K, reserved 1245184K
  class space    used 27081K, committed 28416K, reserved 1048576K
}
Event: 115.295 GC heap before
{Heap before GC invocations=74 (full 0):
 garbage-first heap   total 479232K, used 425367K [0x0000000600000000, 0x0000000800000000)
  region size 4096K, 41 young (167936K), 5 survivors (20480K)
 Metaspace       used 210181K, committed 212928K, reserved 1245184K
  class space    used 27086K, committed 28416K, reserved 1048576K
}
Event: 115.310 GC heap after
{Heap after GC invocations=75 (full 0):
 garbage-first heap   total 782336K, used 296723K [0x0000000600000000, 0x0000000800000000)
  region size 4096K, 4 young (16384K), 4 survivors (16384K)
 Metaspace       used 210181K, committed 212928K, reserved 1245184K
  class space    used 27086K, committed 28416K, reserved 1048576K
}
Event: 115.870 GC heap before
{Heap before GC invocations=76 (full 0):
 garbage-first heap   total 782336K, used 632595K [0x0000000600000000, 0x0000000800000000)
  region size 4096K, 87 young (356352K), 4 survivors (16384K)
 Metaspace       used 210278K, committed 212992K, reserved 1245184K
  class space    used 27082K, committed 28416K, reserved 1048576K
}
Event: 115.881 GC heap after
{Heap after GC invocations=77 (full 0):
 garbage-first heap   total 782336K, used 298975K [0x0000000600000000, 0x0000000800000000)
  region size 4096K, 4 young (16384K), 4 survivors (16384K)
 Metaspace       used 210278K, committed 212992K, reserved 1245184K
  class space    used 27082K, committed 28416K, reserved 1048576K
}
Event: 116.252 GC heap before
{Heap before GC invocations=77 (full 0):
 garbage-first heap   total 782336K, used 712671K [0x0000000600000000, 0x0000000800000000)
  region size 4096K, 106 young (434176K), 4 survivors (16384K)
 Metaspace       used 210295K, committed 212992K, reserved 1245184K
  class space    used 27082K, committed 28416K, reserved 1048576K
}
Event: 116.263 GC heap after
{Heap after GC invocations=78 (full 0):
 garbage-first heap   total 782336K, used 301116K [0x0000000600000000, 0x0000000800000000)
  region size 4096K, 5 young (20480K), 5 survivors (20480K)
 Metaspace       used 210295K, committed 212992K, reserved 1245184K
  class space    used 27082K, committed 28416K, reserved 1048576K
}
Event: 116.501 GC heap before
{Heap before GC invocations=78 (full 0):
 garbage-first heap   total 782336K, used 710716K [0x0000000600000000, 0x0000000800000000)
  region size 4096K, 106 young (434176K), 5 survivors (20480K)
 Metaspace       used 210302K, committed 212992K, reserved 1245184K
  class space    used 27082K, committed 28416K, reserved 1048576K
}
Event: 116.515 GC heap after
{Heap after GC invocations=79 (full 0):
 garbage-first heap   total 782336K, used 300497K [0x0000000600000000, 0x0000000800000000)
  region size 4096K, 6 young (24576K), 6 survivors (24576K)
 Metaspace       used 210302K, committed 212992K, reserved 1245184K
  class space    used 27082K, committed 28416K, reserved 1048576K
}
Event: 116.691 GC heap before
{Heap before GC invocations=79 (full 0):
 garbage-first heap   total 782336K, used 706001K [0x0000000600000000, 0x0000000800000000)
  region size 4096K, 106 young (434176K), 6 survivors (24576K)
 Metaspace       used 210305K, committed 212992K, reserved 1245184K
  class space    used 27082K, committed 28416K, reserved 1048576K
}
Event: 116.702 GC heap after
{Heap after GC invocations=80 (full 0):
 garbage-first heap   total 782336K, used 302909K [0x0000000600000000, 0x0000000800000000)
  region size 4096K, 6 young (24576K), 6 survivors (24576K)
 Metaspace       used 210305K, committed 212992K, reserved 1245184K
  class space    used 27082K, committed 28416K, reserved 1048576K
}
Event: 117.068 GC heap before
{Heap before GC invocations=81 (full 0):
 garbage-first heap   total 782336K, used 708413K [0x0000000600000000, 0x0000000800000000)
  region size 4096K, 106 young (434176K), 6 survivors (24576K)
 Metaspace       used 210314K, committed 213056K, reserved 1245184K
  class space    used 27083K, committed 28416K, reserved 1048576K
}
Event: 117.082 GC heap after
{Heap after GC invocations=82 (full 0):
 garbage-first heap   total 782336K, used 307768K [0x0000000600000000, 0x0000000800000000)
  region size 4096K, 8 young (32768K), 8 survivors (32768K)
 Metaspace       used 210314K, committed 213056K, reserved 1245184K
  class space    used 27083K, committed 28416K, reserved 1048576K
}
Event: 117.501 GC heap before
{Heap before GC invocations=82 (full 0):
 garbage-first heap   total 782336K, used 700984K [0x0000000600000000, 0x0000000800000000)
  region size 4096K, 104 young (425984K), 8 survivors (32768K)
 Metaspace       used 210321K, committed 213056K, reserved 1245184K
  class space    used 27084K, committed 28416K, reserved 1048576K
}

